====================================================================================================
DATASET SMOKE TEST MATRIX
====================================================================================================
Folds found      : 5
  - fold_0
  - fold_1
  - fold_2
  - fold_3
  - fold_4
Window dirs found: 10
  - windows_w1000_h100 (RAW)
  - windows_w1000_h100_minmax_f25 (DS)
  - windows_w100_h100 (RAW)
  - windows_w100_h100_minmax_f25 (DS)
  - windows_w2000_h100 (RAW)
  - windows_w2000_h100_minmax_f25 (DS)
  - windows_w400_h100 (RAW)
  - windows_w400_h100_minmax_f25 (DS)
  - windows_w500_h100 (RAW)
  - windows_w500_h100_minmax_f25 (DS)
Total runs       : 50

[1/50] Running fold_0 x windows_w1000_h100 ...
[PASS] fold_0 | windows_w1000_h100               | RAW | 63.45s
  stdout tail:
        Normal       (1): 6,120 windows
        Myopathy     (2): 6,120 windows
    === Checking first batch ===
      windows shape : torch.Size([8, 23438])  dtype=torch.float32
      labels        : [2, 2, 1, 1, 0, 0, 1, 0]
    All checks passed.

[2/50] Running fold_0 x windows_w1000_h100_minmax_f25 ...
[PASS] fold_0 | windows_w1000_h100_minmax_f25    | DS  | 6.02s
  stdout tail:
        Normal       (1): 6,120 windows
        Myopathy     (2): 6,120 windows
    === Checking first batch ===
      windows shape : torch.Size([8, 936])  dtype=torch.float32
      labels        : [2, 2, 2, 0, 2, 1, 1, 0]
    All checks passed.

[3/50] Running fold_0 x windows_w100_h100 ...
[PASS] fold_0 | windows_w100_h100                | RAW | 10.20s
  stdout tail:
        Normal       (1): 6,660 windows
        Myopathy     (2): 6,660 windows
    === Checking first batch ===
      windows shape : torch.Size([8, 2344])  dtype=torch.float32
      labels        : [2, 0, 0, 2, 0, 2, 1, 1]
    All checks passed.

[4/50] Running fold_0 x windows_w100_h100_minmax_f25 ...
[PASS] fold_0 | windows_w100_h100_minmax_f25     | DS  | 4.23s
  stdout tail:
        Normal       (1): 6,660 windows
        Myopathy     (2): 6,660 windows
    === Checking first batch ===
      windows shape : torch.Size([8, 92])  dtype=torch.float32
      labels        : [2, 2, 0, 2, 2, 2, 1, 0]
    All checks passed.

[5/50] Running fold_0 x windows_w2000_h100 ...
[PASS] fold_0 | windows_w2000_h100               | RAW | 102.58s
  stdout tail:
        Normal       (1): 5,520 windows
        Myopathy     (2): 5,520 windows
    === Checking first batch ===
      windows shape : torch.Size([8, 46876])  dtype=torch.float32
      labels        : [0, 2, 2, 1, 0, 2, 1, 2]
    All checks passed.

[6/50] Running fold_0 x windows_w2000_h100_minmax_f25 ...
[PASS] fold_0 | windows_w2000_h100_minmax_f25    | DS  | 8.14s
  stdout tail:
        Normal       (1): 5,520 windows
        Myopathy     (2): 5,520 windows
    === Checking first batch ===
      windows shape : torch.Size([8, 1874])  dtype=torch.float32
      labels        : [1, 1, 1, 0, 1, 1, 1, 1]
    All checks passed.

[7/50] Running fold_0 x windows_w400_h100 ...
[PASS] fold_0 | windows_w400_h100                | RAW | 14.95s
  stdout tail:
        Normal       (1): 6,480 windows
        Myopathy     (2): 6,480 windows
    === Checking first batch ===
      windows shape : torch.Size([8, 9375])  dtype=torch.float32
      labels        : [1, 0, 2, 1, 1, 0, 0, 2]
    All checks passed.

[8/50] Running fold_0 x windows_w400_h100_minmax_f25 ...
[PASS] fold_0 | windows_w400_h100_minmax_f25     | DS  | 4.92s
  stdout tail:
        Normal       (1): 6,480 windows
        Myopathy     (2): 6,480 windows
    === Checking first batch ===
      windows shape : torch.Size([8, 374])  dtype=torch.float32
      labels        : [0, 0, 0, 0, 1, 1, 2, 2]
    All checks passed.

[9/50] Running fold_0 x windows_w500_h100 ...
[PASS] fold_0 | windows_w500_h100                | RAW | 33.07s
  stdout tail:
        Normal       (1): 6,420 windows
        Myopathy     (2): 6,420 windows
    === Checking first batch ===
      windows shape : torch.Size([8, 11719])  dtype=torch.float32
      labels        : [2, 2, 1, 0, 2, 1, 0, 0]
    All checks passed.

[10/50] Running fold_0 x windows_w500_h100_minmax_f25 ...
[PASS] fold_0 | windows_w500_h100_minmax_f25     | DS  | 5.21s
  stdout tail:
        Normal       (1): 6,420 windows
        Myopathy     (2): 6,420 windows
    === Checking first batch ===
      windows shape : torch.Size([8, 468])  dtype=torch.float32
      labels        : [1, 0, 0, 0, 2, 1, 0, 1]
    All checks passed.

[11/50] Running fold_1 x windows_w1000_h100 ...
[PASS] fold_1 | windows_w1000_h100               | RAW | 57.93s
  stdout tail:
        Normal       (1): 6,120 windows
        Myopathy     (2): 5,304 windows
    === Checking first batch ===
      windows shape : torch.Size([8, 23438])  dtype=torch.float32
      labels        : [2, 2, 2, 1, 1, 1, 1, 0]
    All checks passed.

[12/50] Running fold_1 x windows_w1000_h100_minmax_f25 ...
[PASS] fold_1 | windows_w1000_h100_minmax_f25    | DS  | 5.25s
  stdout tail:
        Normal       (1): 6,120 windows
        Myopathy     (2): 5,304 windows
    === Checking first batch ===
      windows shape : torch.Size([8, 936])  dtype=torch.float32
      labels        : [1, 1, 1, 0, 0, 0, 1, 0]
    All checks passed.

[13/50] Running fold_1 x windows_w100_h100 ...
[PASS] fold_1 | windows_w100_h100                | RAW | 9.49s
  stdout tail:
        Normal       (1): 6,660 windows
        Myopathy     (2): 5,772 windows
    === Checking first batch ===
      windows shape : torch.Size([8, 2344])  dtype=torch.float32
      labels        : [0, 2, 0, 1, 0, 1, 0, 0]
    All checks passed.

[14/50] Running fold_1 x windows_w100_h100_minmax_f25 ...
[PASS] fold_1 | windows_w100_h100_minmax_f25     | DS  | 3.11s
  stdout tail:
        Normal       (1): 6,660 windows
        Myopathy     (2): 5,772 windows
    === Checking first batch ===
      windows shape : torch.Size([8, 92])  dtype=torch.float32
      labels        : [2, 2, 2, 1, 0, 1, 2, 0]
    All checks passed.

[15/50] Running fold_1 x windows_w2000_h100 ...
[PASS] fold_1 | windows_w2000_h100               | RAW | 101.38s
  stdout tail:
        Normal       (1): 5,520 windows
        Myopathy     (2): 4,784 windows
    === Checking first batch ===
      windows shape : torch.Size([8, 46876])  dtype=torch.float32
      labels        : [0, 0, 0, 1, 2, 2, 1, 0]
    All checks passed.

[16/50] Running fold_1 x windows_w2000_h100_minmax_f25 ...
[PASS] fold_1 | windows_w2000_h100_minmax_f25    | DS  | 7.51s
  stdout tail:
        Normal       (1): 5,520 windows
        Myopathy     (2): 4,784 windows
    === Checking first batch ===
      windows shape : torch.Size([8, 1874])  dtype=torch.float32
      labels        : [2, 0, 1, 2, 0, 1, 0, 2]
    All checks passed.

[17/50] Running fold_1 x windows_w400_h100 ...
[PASS] fold_1 | windows_w400_h100                | RAW | 14.41s
  stdout tail:
        Normal       (1): 6,480 windows
        Myopathy     (2): 5,616 windows
    === Checking first batch ===
      windows shape : torch.Size([8, 9375])  dtype=torch.float32
      labels        : [1, 1, 0, 0, 1, 0, 1, 1]
    All checks passed.

[18/50] Running fold_1 x windows_w400_h100_minmax_f25 ...
[PASS] fold_1 | windows_w400_h100_minmax_f25     | DS  | 4.37s
  stdout tail:
        Normal       (1): 6,480 windows
        Myopathy     (2): 5,616 windows
    === Checking first batch ===
      windows shape : torch.Size([8, 374])  dtype=torch.float32
      labels        : [2, 2, 0, 0, 2, 1, 1, 0]
    All checks passed.

[19/50] Running fold_1 x windows_w500_h100 ...
[PASS] fold_1 | windows_w500_h100                | RAW | 32.04s
  stdout tail:
        Normal       (1): 6,420 windows
        Myopathy     (2): 5,564 windows
    === Checking first batch ===
      windows shape : torch.Size([8, 11719])  dtype=torch.float32
      labels        : [0, 0, 0, 2, 2, 2, 2, 0]
    All checks passed.

[20/50] Running fold_1 x windows_w500_h100_minmax_f25 ...
[PASS] fold_1 | windows_w500_h100_minmax_f25     | DS  | 4.44s
  stdout tail:
        Normal       (1): 6,420 windows
        Myopathy     (2): 5,564 windows
    === Checking first batch ===
      windows shape : torch.Size([8, 468])  dtype=torch.float32
      labels        : [2, 2, 2, 1, 1, 2, 1, 0]
    All checks passed.

[21/50] Running fold_2 x windows_w1000_h100 ...
[PASS] fold_2 | windows_w1000_h100               | RAW | 58.34s
  stdout tail:
        Normal       (1): 6,120 windows
        Myopathy     (2): 5,100 windows
    === Checking first batch ===
      windows shape : torch.Size([8, 23438])  dtype=torch.float32
      labels        : [0, 1, 2, 1, 2, 2, 0, 0]
    All checks passed.

[22/50] Running fold_2 x windows_w1000_h100_minmax_f25 ...
[PASS] fold_2 | windows_w1000_h100_minmax_f25    | DS  | 5.40s
  stdout tail:
        Normal       (1): 6,120 windows
        Myopathy     (2): 5,100 windows
    === Checking first batch ===
      windows shape : torch.Size([8, 936])  dtype=torch.float32
      labels        : [0, 2, 0, 1, 2, 2, 1, 0]
    All checks passed.

[23/50] Running fold_2 x windows_w100_h100 ...
[PASS] fold_2 | windows_w100_h100                | RAW | 9.52s
  stdout tail:
        Normal       (1): 6,660 windows
        Myopathy     (2): 5,550 windows
    === Checking first batch ===
      windows shape : torch.Size([8, 2344])  dtype=torch.float32
      labels        : [1, 1, 1, 1, 1, 0, 0, 2]
    All checks passed.

[24/50] Running fold_2 x windows_w100_h100_minmax_f25 ...
[PASS] fold_2 | windows_w100_h100_minmax_f25     | DS  | 3.24s
  stdout tail:
        Normal       (1): 6,660 windows
        Myopathy     (2): 5,550 windows
    === Checking first batch ===
      windows shape : torch.Size([8, 92])  dtype=torch.float32
      labels        : [2, 2, 0, 2, 1, 1, 0, 0]
    All checks passed.

[25/50] Running fold_2 x windows_w2000_h100 ...
[PASS] fold_2 | windows_w2000_h100               | RAW | 101.77s
  stdout tail:
        Normal       (1): 5,520 windows
        Myopathy     (2): 4,600 windows
    === Checking first batch ===
      windows shape : torch.Size([8, 46876])  dtype=torch.float32
      labels        : [1, 2, 0, 1, 0, 0, 0, 2]
    All checks passed.

[26/50] Running fold_2 x windows_w2000_h100_minmax_f25 ...
[PASS] fold_2 | windows_w2000_h100_minmax_f25    | DS  | 7.54s
  stdout tail:
        Normal       (1): 5,520 windows
        Myopathy     (2): 4,600 windows
    === Checking first batch ===
      windows shape : torch.Size([8, 1874])  dtype=torch.float32
      labels        : [0, 2, 1, 0, 2, 2, 1, 2]
    All checks passed.

[27/50] Running fold_2 x windows_w400_h100 ...
[PASS] fold_2 | windows_w400_h100                | RAW | 14.73s
  stdout tail:
        Normal       (1): 6,480 windows
        Myopathy     (2): 5,400 windows
    === Checking first batch ===
      windows shape : torch.Size([8, 9375])  dtype=torch.float32
      labels        : [2, 1, 2, 1, 1, 0, 1, 0]
    All checks passed.

[28/50] Running fold_2 x windows_w400_h100_minmax_f25 ...
[PASS] fold_2 | windows_w400_h100_minmax_f25     | DS  | 5.07s
  stdout tail:
        Normal       (1): 6,480 windows
        Myopathy     (2): 5,400 windows
    === Checking first batch ===
      windows shape : torch.Size([8, 374])  dtype=torch.float32
      labels        : [0, 1, 1, 2, 1, 0, 0, 1]
    All checks passed.

[29/50] Running fold_2 x windows_w500_h100 ...
[PASS] fold_2 | windows_w500_h100                | RAW | 32.38s
  stdout tail:
        Normal       (1): 6,420 windows
        Myopathy     (2): 5,350 windows
    === Checking first batch ===
      windows shape : torch.Size([8, 11719])  dtype=torch.float32
      labels        : [2, 1, 2, 0, 0, 2, 0, 1]
    All checks passed.

[30/50] Running fold_2 x windows_w500_h100_minmax_f25 ...
[PASS] fold_2 | windows_w500_h100_minmax_f25     | DS  | 4.70s
  stdout tail:
        Normal       (1): 6,420 windows
        Myopathy     (2): 5,350 windows
    === Checking first batch ===
      windows shape : torch.Size([8, 468])  dtype=torch.float32
      labels        : [0, 1, 2, 0, 2, 1, 1, 0]
    All checks passed.

[31/50] Running fold_3 x windows_w1000_h100 ...
[PASS] fold_3 | windows_w1000_h100               | RAW | 58.50s
  stdout tail:
        Normal       (1): 6,120 windows
        Myopathy     (2): 5,100 windows
    === Checking first batch ===
      windows shape : torch.Size([8, 23438])  dtype=torch.float32
      labels        : [1, 0, 1, 1, 2, 1, 0, 1]
    All checks passed.

[32/50] Running fold_3 x windows_w1000_h100_minmax_f25 ...
[PASS] fold_3 | windows_w1000_h100_minmax_f25    | DS  | 5.42s
  stdout tail:
        Normal       (1): 6,120 windows
        Myopathy     (2): 5,100 windows
    === Checking first batch ===
      windows shape : torch.Size([8, 936])  dtype=torch.float32
      labels        : [0, 0, 2, 1, 2, 1, 2, 0]
    All checks passed.

[33/50] Running fold_3 x windows_w100_h100 ...
[PASS] fold_3 | windows_w100_h100                | RAW | 9.56s
  stdout tail:
        Normal       (1): 6,660 windows
        Myopathy     (2): 5,550 windows
    === Checking first batch ===
      windows shape : torch.Size([8, 2344])  dtype=torch.float32
      labels        : [1, 0, 0, 1, 1, 2, 1, 1]
    All checks passed.

[34/50] Running fold_3 x windows_w100_h100_minmax_f25 ...
[PASS] fold_3 | windows_w100_h100_minmax_f25     | DS  | 3.23s
  stdout tail:
        Normal       (1): 6,660 windows
        Myopathy     (2): 5,550 windows
    === Checking first batch ===
      windows shape : torch.Size([8, 92])  dtype=torch.float32
      labels        : [0, 2, 1, 2, 2, 1, 2, 1]
    All checks passed.

[35/50] Running fold_3 x windows_w2000_h100 ...
[PASS] fold_3 | windows_w2000_h100               | RAW | 102.00s
  stdout tail:
        Normal       (1): 5,520 windows
        Myopathy     (2): 4,600 windows
    === Checking first batch ===
      windows shape : torch.Size([8, 46876])  dtype=torch.float32
      labels        : [1, 1, 1, 2, 2, 2, 1, 1]
    All checks passed.

[36/50] Running fold_3 x windows_w2000_h100_minmax_f25 ...
[PASS] fold_3 | windows_w2000_h100_minmax_f25    | DS  | 7.45s
  stdout tail:
        Normal       (1): 5,520 windows
        Myopathy     (2): 4,600 windows
    === Checking first batch ===
      windows shape : torch.Size([8, 1874])  dtype=torch.float32
      labels        : [0, 0, 0, 1, 1, 1, 2, 1]
    All checks passed.

[37/50] Running fold_3 x windows_w400_h100 ...
[PASS] fold_3 | windows_w400_h100                | RAW | 14.98s
  stdout tail:
        Normal       (1): 6,480 windows
        Myopathy     (2): 5,400 windows
    === Checking first batch ===
      windows shape : torch.Size([8, 9375])  dtype=torch.float32
      labels        : [0, 1, 1, 2, 0, 0, 1, 0]
    All checks passed.

[38/50] Running fold_3 x windows_w400_h100_minmax_f25 ...
[PASS] fold_3 | windows_w400_h100_minmax_f25     | DS  | 4.25s
  stdout tail:
        Normal       (1): 6,480 windows
        Myopathy     (2): 5,400 windows
    === Checking first batch ===
      windows shape : torch.Size([8, 374])  dtype=torch.float32
      labels        : [1, 0, 0, 0, 0, 0, 1, 0]
    All checks passed.

[39/50] Running fold_3 x windows_w500_h100 ...
[PASS] fold_3 | windows_w500_h100                | RAW | 32.28s
  stdout tail:
        Normal       (1): 6,420 windows
        Myopathy     (2): 5,350 windows
    === Checking first batch ===
      windows shape : torch.Size([8, 11719])  dtype=torch.float32
      labels        : [0, 0, 1, 2, 0, 2, 2, 2]
    All checks passed.

[40/50] Running fold_3 x windows_w500_h100_minmax_f25 ...
[PASS] fold_3 | windows_w500_h100_minmax_f25     | DS  | 4.42s
  stdout tail:
        Normal       (1): 6,420 windows
        Myopathy     (2): 5,350 windows
    === Checking first batch ===
      windows shape : torch.Size([8, 468])  dtype=torch.float32
      labels        : [2, 1, 1, 1, 2, 0, 2, 2]
    All checks passed.

[41/50] Running fold_4 x windows_w1000_h100 ...
[PASS] fold_4 | windows_w1000_h100               | RAW | 58.37s
  stdout tail:
        Normal       (1): 3,060 windows
        Myopathy     (2): 7,344 windows
    === Checking first batch ===
      windows shape : torch.Size([8, 23438])  dtype=torch.float32
      labels        : [0, 0, 0, 0, 1, 2, 0, 1]
    All checks passed.

[42/50] Running fold_4 x windows_w1000_h100_minmax_f25 ...
[PASS] fold_4 | windows_w1000_h100_minmax_f25    | DS  | 5.43s
  stdout tail:
        Normal       (1): 3,060 windows
        Myopathy     (2): 7,344 windows
    === Checking first batch ===
      windows shape : torch.Size([8, 936])  dtype=torch.float32
      labels        : [0, 2, 1, 2, 0, 0, 2, 0]
    All checks passed.

[43/50] Running fold_4 x windows_w100_h100 ...
[PASS] fold_4 | windows_w100_h100                | RAW | 9.47s
  stdout tail:
        Normal       (1): 3,330 windows
        Myopathy     (2): 7,992 windows
    === Checking first batch ===
      windows shape : torch.Size([8, 2344])  dtype=torch.float32
      labels        : [1, 0, 0, 0, 1, 0, 1, 2]
    All checks passed.

[44/50] Running fold_4 x windows_w100_h100_minmax_f25 ...
[PASS] fold_4 | windows_w100_h100_minmax_f25     | DS  | 3.24s
  stdout tail:
        Normal       (1): 3,330 windows
        Myopathy     (2): 7,992 windows
    === Checking first batch ===
      windows shape : torch.Size([8, 92])  dtype=torch.float32
      labels        : [1, 1, 1, 1, 0, 1, 0, 0]
    All checks passed.

[45/50] Running fold_4 x windows_w2000_h100 ...
[PASS] fold_4 | windows_w2000_h100               | RAW | 101.77s
  stdout tail:
        Normal       (1): 2,760 windows
        Myopathy     (2): 6,624 windows
    === Checking first batch ===
      windows shape : torch.Size([8, 46876])  dtype=torch.float32
      labels        : [2, 0, 2, 0, 0, 1, 0, 1]
    All checks passed.

[46/50] Running fold_4 x windows_w2000_h100_minmax_f25 ...
[PASS] fold_4 | windows_w2000_h100_minmax_f25    | DS  | 7.38s
  stdout tail:
        Normal       (1): 2,760 windows
        Myopathy     (2): 6,624 windows
    === Checking first batch ===
      windows shape : torch.Size([8, 1874])  dtype=torch.float32
      labels        : [2, 2, 2, 0, 1, 0, 0, 0]
    All checks passed.

[47/50] Running fold_4 x windows_w400_h100 ...
[PASS] fold_4 | windows_w400_h100                | RAW | 14.32s
  stdout tail:
        Normal       (1): 3,240 windows
        Myopathy     (2): 7,776 windows
    === Checking first batch ===
      windows shape : torch.Size([8, 9375])  dtype=torch.float32
      labels        : [2, 1, 1, 0, 1, 1, 1, 2]
    All checks passed.

[48/50] Running fold_4 x windows_w400_h100_minmax_f25 ...
[PASS] fold_4 | windows_w400_h100_minmax_f25     | DS  | 4.16s
  stdout tail:
        Normal       (1): 3,240 windows
        Myopathy     (2): 7,776 windows
    === Checking first batch ===
      windows shape : torch.Size([8, 374])  dtype=torch.float32
      labels        : [0, 1, 1, 0, 1, 0, 1, 2]
    All checks passed.

[49/50] Running fold_4 x windows_w500_h100 ...
[PASS] fold_4 | windows_w500_h100                | RAW | 32.24s
  stdout tail:
        Normal       (1): 3,210 windows
        Myopathy     (2): 7,704 windows
    === Checking first batch ===
      windows shape : torch.Size([8, 11719])  dtype=torch.float32
      labels        : [1, 0, 2, 2, 2, 0, 1, 1]
    All checks passed.

[50/50] Running fold_4 x windows_w500_h100_minmax_f25 ...
[PASS] fold_4 | windows_w500_h100_minmax_f25     | DS  | 4.48s
  stdout tail:
        Normal       (1): 3,210 windows
        Myopathy     (2): 7,704 windows
    === Checking first batch ===
      windows shape : torch.Size([8, 468])  dtype=torch.float32
      labels        : [2, 0, 2, 2, 1, 2, 1, 1]
    All checks passed.

====================================================================================================
FINAL SUMMARY
====================================================================================================
Total runs : 50
Passed     : 50
Failed     : 0
Text report: reports/dataset_checks/dataset_matrix_report_20260312_171338.txt
JSON report: reports/dataset_checks/dataset_matrix_report_20260312_171338.json
